2016-07-16 05:41:29,309 [INFO] from play.core.server.NettyServer in main - Listening for HTTP on /0:0:0:0:0:0:0:0:9000
2016-07-16 05:41:44,822 [ERROR] from application in New I/O worker #1 - 

! @70m4o0ind - Internal server error, for (GET) [/] ->
 
play.api.Configuration$$anon$1: Configuration error[application: application.conf: java.io.IOException: resource not found on classpath: application.conf, application.json: java.io.IOException: resource not found on classpath: application.json, application.properties: java.io.IOException: resource not found on classpath: application.properties]
	at play.api.Configuration$.configError(Configuration.scala:178) ~[play_2.11-2.4.8.jar:2.4.8]
	at play.api.Configuration$.load(Configuration.scala:103) ~[play_2.11-2.4.8.jar:2.4.8]
	at play.api.Configuration$.load(Configuration.scala:133) ~[play_2.11-2.4.8.jar:2.4.8]
	at play.api.ApplicationLoader$.createContext(ApplicationLoader.scala:91) ~[play_2.11-2.4.8.jar:2.4.8]
	at play.core.server.DevServerStart$$anonfun$mainDev$1$$anon$1$$anonfun$get$1$$anonfun$apply$1$$anonfun$1$$anonfun$2.apply(DevServerStart.scala:151) ~[play-server_2.11-2.4.8.jar:2.4.8]
	at play.core.server.DevServerStart$$anonfun$mainDev$1$$anon$1$$anonfun$get$1$$anonfun$apply$1$$anonfun$1$$anonfun$2.apply(DevServerStart.scala:150) ~[play-server_2.11-2.4.8.jar:2.4.8]
	at play.utils.Threads$.withContextClassLoader(Threads.scala:21) ~[play_2.11-2.4.8.jar:2.4.8]
	at play.core.server.DevServerStart$$anonfun$mainDev$1$$anon$1$$anonfun$get$1$$anonfun$apply$1$$anonfun$1.apply(DevServerStart.scala:150) ~[play-server_2.11-2.4.8.jar:2.4.8]
	at play.core.server.DevServerStart$$anonfun$mainDev$1$$anon$1$$anonfun$get$1$$anonfun$apply$1$$anonfun$1.apply(DevServerStart.scala:121) ~[play-server_2.11-2.4.8.jar:2.4.8]
	at scala.Option.map(Option.scala:146) ~[scala-library-2.11.6.jar:na]
	at play.core.server.DevServerStart$$anonfun$mainDev$1$$anon$1$$anonfun$get$1$$anonfun$apply$1.apply(DevServerStart.scala:121) ~[play-server_2.11-2.4.8.jar:2.4.8]
	at play.core.server.DevServerStart$$anonfun$mainDev$1$$anon$1$$anonfun$get$1$$anonfun$apply$1.apply(DevServerStart.scala:119) ~[play-server_2.11-2.4.8.jar:2.4.8]
	at scala.util.Success.flatMap(Try.scala:230) ~[scala-library-2.11.6.jar:na]
	at play.core.server.DevServerStart$$anonfun$mainDev$1$$anon$1$$anonfun$get$1.apply(DevServerStart.scala:119) ~[play-server_2.11-2.4.8.jar:2.4.8]
	at play.core.server.DevServerStart$$anonfun$mainDev$1$$anon$1$$anonfun$get$1.apply(DevServerStart.scala:111) ~[play-server_2.11-2.4.8.jar:2.4.8]
	at scala.concurrent.impl.Future$PromiseCompletingRunnable.liftedTree1$1(Future.scala:24) ~[scala-library-2.11.6.jar:na]
	at scala.concurrent.impl.Future$PromiseCompletingRunnable.run(Future.scala:24) ~[scala-library-2.11.6.jar:na]
	at java.util.concurrent.ForkJoinTask$RunnableExecuteAction.exec(ForkJoinTask.java:1402) ~[na:1.8.0_71]
	at java.util.concurrent.ForkJoinTask.doExec(ForkJoinTask.java:289) ~[na:1.8.0_71]
	at java.util.concurrent.ForkJoinPool$WorkQueue.runTask(ForkJoinPool.java:1056) ~[na:1.8.0_71]
	at java.util.concurrent.ForkJoinPool.runWorker(ForkJoinPool.java:1692) ~[na:1.8.0_71]
	at java.util.concurrent.ForkJoinWorkerThread.run(ForkJoinWorkerThread.java:157) ~[na:1.8.0_71]
Caused by: com.typesafe.config.ConfigException$IO: application: application.conf: java.io.IOException: resource not found on classpath: application.conf, application.json: java.io.IOException: resource not found on classpath: application.json, application.properties: java.io.IOException: resource not found on classpath: application.properties
	at com.typesafe.config.impl.SimpleIncluder.fromBasename(SimpleIncluder.java:236) ~[config-1.3.0.jar:na]
	at com.typesafe.config.impl.ConfigImpl.parseResourcesAnySyntax(ConfigImpl.java:132) ~[config-1.3.0.jar:na]
	at com.typesafe.config.ConfigFactory.parseResourcesAnySyntax(ConfigFactory.java:1024) ~[config-1.3.0.jar:na]
	at com.typesafe.config.ConfigFactory.parseApplicationConfig(ConfigFactory.java:238) ~[config-1.3.0.jar:na]
	at com.typesafe.config.ConfigFactory.defaultApplication(ConfigFactory.java:519) ~[config-1.3.0.jar:na]
	at play.api.Configuration$$anonfun$3.apply(Configuration.scala:75) ~[play_2.11-2.4.8.jar:2.4.8]
	at play.api.Configuration$$anonfun$3.apply(Configuration.scala:71) ~[play_2.11-2.4.8.jar:2.4.8]
	at scala.Option.getOrElse(Option.scala:121) ~[scala-library-2.11.6.jar:na]
	at play.api.Configuration$.load(Configuration.scala:71) ~[play_2.11-2.4.8.jar:2.4.8]
	... 20 common frames omitted
Caused by: com.typesafe.config.ConfigException$IO: application.conf: java.io.IOException: resource not found on classpath: application.conf
	at com.typesafe.config.impl.Parseable.parseValue(Parseable.java:188) ~[config-1.3.0.jar:na]
	at com.typesafe.config.impl.Parseable.parseValue(Parseable.java:174) ~[config-1.3.0.jar:na]
	at com.typesafe.config.impl.Parseable.parse(Parseable.java:152) ~[config-1.3.0.jar:na]
	at com.typesafe.config.impl.SimpleIncluder.fromBasename(SimpleIncluder.java:185) ~[config-1.3.0.jar:na]
	... 28 common frames omitted
Caused by: java.io.IOException: resource not found on classpath: application.conf
	at com.typesafe.config.impl.Parseable$ParseableResources.rawParseValue(Parseable.java:735) ~[config-1.3.0.jar:na]
	at com.typesafe.config.impl.Parseable$ParseableResources.rawParseValue(Parseable.java:710) ~[config-1.3.0.jar:na]
	at com.typesafe.config.impl.Parseable.parseValue(Parseable.java:180) ~[config-1.3.0.jar:na]
	... 31 common frames omitted
2016-07-16 05:41:45,015 [ERROR] from application in New I/O worker #3 - 

! @70m4o0ind - Internal server error, for (GET) [/favicon.ico] ->
 
play.api.Configuration$$anon$1: Configuration error[application: application.conf: java.io.IOException: resource not found on classpath: application.conf, application.json: java.io.IOException: resource not found on classpath: application.json, application.properties: java.io.IOException: resource not found on classpath: application.properties]
	at play.api.Configuration$.configError(Configuration.scala:178) ~[play_2.11-2.4.8.jar:2.4.8]
	at play.api.Configuration$.load(Configuration.scala:103) ~[play_2.11-2.4.8.jar:2.4.8]
	at play.api.Configuration$.load(Configuration.scala:133) ~[play_2.11-2.4.8.jar:2.4.8]
	at play.api.ApplicationLoader$.createContext(ApplicationLoader.scala:91) ~[play_2.11-2.4.8.jar:2.4.8]
	at play.core.server.DevServerStart$$anonfun$mainDev$1$$anon$1$$anonfun$get$1$$anonfun$apply$1$$anonfun$1$$anonfun$2.apply(DevServerStart.scala:151) ~[play-server_2.11-2.4.8.jar:2.4.8]
	at play.core.server.DevServerStart$$anonfun$mainDev$1$$anon$1$$anonfun$get$1$$anonfun$apply$1$$anonfun$1$$anonfun$2.apply(DevServerStart.scala:150) ~[play-server_2.11-2.4.8.jar:2.4.8]
	at play.utils.Threads$.withContextClassLoader(Threads.scala:21) ~[play_2.11-2.4.8.jar:2.4.8]
	at play.core.server.DevServerStart$$anonfun$mainDev$1$$anon$1$$anonfun$get$1$$anonfun$apply$1$$anonfun$1.apply(DevServerStart.scala:150) ~[play-server_2.11-2.4.8.jar:2.4.8]
	at play.core.server.DevServerStart$$anonfun$mainDev$1$$anon$1$$anonfun$get$1$$anonfun$apply$1$$anonfun$1.apply(DevServerStart.scala:121) ~[play-server_2.11-2.4.8.jar:2.4.8]
	at scala.Option.map(Option.scala:146) ~[scala-library-2.11.6.jar:na]
	at play.core.server.DevServerStart$$anonfun$mainDev$1$$anon$1$$anonfun$get$1$$anonfun$apply$1.apply(DevServerStart.scala:121) ~[play-server_2.11-2.4.8.jar:2.4.8]
	at play.core.server.DevServerStart$$anonfun$mainDev$1$$anon$1$$anonfun$get$1$$anonfun$apply$1.apply(DevServerStart.scala:119) ~[play-server_2.11-2.4.8.jar:2.4.8]
	at scala.util.Success.flatMap(Try.scala:230) ~[scala-library-2.11.6.jar:na]
	at play.core.server.DevServerStart$$anonfun$mainDev$1$$anon$1$$anonfun$get$1.apply(DevServerStart.scala:119) ~[play-server_2.11-2.4.8.jar:2.4.8]
	at play.core.server.DevServerStart$$anonfun$mainDev$1$$anon$1$$anonfun$get$1.apply(DevServerStart.scala:111) ~[play-server_2.11-2.4.8.jar:2.4.8]
	at scala.concurrent.impl.Future$PromiseCompletingRunnable.liftedTree1$1(Future.scala:24) ~[scala-library-2.11.6.jar:na]
	at scala.concurrent.impl.Future$PromiseCompletingRunnable.run(Future.scala:24) ~[scala-library-2.11.6.jar:na]
	at java.util.concurrent.ForkJoinTask$RunnableExecuteAction.exec(ForkJoinTask.java:1402) ~[na:1.8.0_71]
	at java.util.concurrent.ForkJoinTask.doExec(ForkJoinTask.java:289) ~[na:1.8.0_71]
	at java.util.concurrent.ForkJoinPool$WorkQueue.runTask(ForkJoinPool.java:1056) ~[na:1.8.0_71]
	at java.util.concurrent.ForkJoinPool.runWorker(ForkJoinPool.java:1692) ~[na:1.8.0_71]
	at java.util.concurrent.ForkJoinWorkerThread.run(ForkJoinWorkerThread.java:157) ~[na:1.8.0_71]
Caused by: com.typesafe.config.ConfigException$IO: application: application.conf: java.io.IOException: resource not found on classpath: application.conf, application.json: java.io.IOException: resource not found on classpath: application.json, application.properties: java.io.IOException: resource not found on classpath: application.properties
	at com.typesafe.config.impl.SimpleIncluder.fromBasename(SimpleIncluder.java:236) ~[config-1.3.0.jar:na]
	at com.typesafe.config.impl.ConfigImpl.parseResourcesAnySyntax(ConfigImpl.java:132) ~[config-1.3.0.jar:na]
	at com.typesafe.config.ConfigFactory.parseResourcesAnySyntax(ConfigFactory.java:1024) ~[config-1.3.0.jar:na]
	at com.typesafe.config.ConfigFactory.parseApplicationConfig(ConfigFactory.java:238) ~[config-1.3.0.jar:na]
	at com.typesafe.config.ConfigFactory.defaultApplication(ConfigFactory.java:519) ~[config-1.3.0.jar:na]
	at play.api.Configuration$$anonfun$3.apply(Configuration.scala:75) ~[play_2.11-2.4.8.jar:2.4.8]
	at play.api.Configuration$$anonfun$3.apply(Configuration.scala:71) ~[play_2.11-2.4.8.jar:2.4.8]
	at scala.Option.getOrElse(Option.scala:121) ~[scala-library-2.11.6.jar:na]
	at play.api.Configuration$.load(Configuration.scala:71) ~[play_2.11-2.4.8.jar:2.4.8]
	... 20 common frames omitted
Caused by: com.typesafe.config.ConfigException$IO: application.conf: java.io.IOException: resource not found on classpath: application.conf
	at com.typesafe.config.impl.Parseable.parseValue(Parseable.java:188) ~[config-1.3.0.jar:na]
	at com.typesafe.config.impl.Parseable.parseValue(Parseable.java:174) ~[config-1.3.0.jar:na]
	at com.typesafe.config.impl.Parseable.parse(Parseable.java:152) ~[config-1.3.0.jar:na]
	at com.typesafe.config.impl.SimpleIncluder.fromBasename(SimpleIncluder.java:185) ~[config-1.3.0.jar:na]
	... 28 common frames omitted
Caused by: java.io.IOException: resource not found on classpath: application.conf
	at com.typesafe.config.impl.Parseable$ParseableResources.rawParseValue(Parseable.java:735) ~[config-1.3.0.jar:na]
	at com.typesafe.config.impl.Parseable$ParseableResources.rawParseValue(Parseable.java:710) ~[config-1.3.0.jar:na]
	at com.typesafe.config.impl.Parseable.parseValue(Parseable.java:180) ~[config-1.3.0.jar:na]
	... 31 common frames omitted
2016-07-16 05:41:45,015 [ERROR] from application in New I/O worker #2 - 

! @70m4o0ind - Internal server error, for (GET) [/apple-touch-icon-precomposed.png] ->
 
play.api.Configuration$$anon$1: Configuration error[application: application.conf: java.io.IOException: resource not found on classpath: application.conf, application.json: java.io.IOException: resource not found on classpath: application.json, application.properties: java.io.IOException: resource not found on classpath: application.properties]
	at play.api.Configuration$.configError(Configuration.scala:178) ~[play_2.11-2.4.8.jar:2.4.8]
	at play.api.Configuration$.load(Configuration.scala:103) ~[play_2.11-2.4.8.jar:2.4.8]
	at play.api.Configuration$.load(Configuration.scala:133) ~[play_2.11-2.4.8.jar:2.4.8]
	at play.api.ApplicationLoader$.createContext(ApplicationLoader.scala:91) ~[play_2.11-2.4.8.jar:2.4.8]
	at play.core.server.DevServerStart$$anonfun$mainDev$1$$anon$1$$anonfun$get$1$$anonfun$apply$1$$anonfun$1$$anonfun$2.apply(DevServerStart.scala:151) ~[play-server_2.11-2.4.8.jar:2.4.8]
	at play.core.server.DevServerStart$$anonfun$mainDev$1$$anon$1$$anonfun$get$1$$anonfun$apply$1$$anonfun$1$$anonfun$2.apply(DevServerStart.scala:150) ~[play-server_2.11-2.4.8.jar:2.4.8]
	at play.utils.Threads$.withContextClassLoader(Threads.scala:21) ~[play_2.11-2.4.8.jar:2.4.8]
	at play.core.server.DevServerStart$$anonfun$mainDev$1$$anon$1$$anonfun$get$1$$anonfun$apply$1$$anonfun$1.apply(DevServerStart.scala:150) ~[play-server_2.11-2.4.8.jar:2.4.8]
	at play.core.server.DevServerStart$$anonfun$mainDev$1$$anon$1$$anonfun$get$1$$anonfun$apply$1$$anonfun$1.apply(DevServerStart.scala:121) ~[play-server_2.11-2.4.8.jar:2.4.8]
	at scala.Option.map(Option.scala:146) ~[scala-library-2.11.6.jar:na]
	at play.core.server.DevServerStart$$anonfun$mainDev$1$$anon$1$$anonfun$get$1$$anonfun$apply$1.apply(DevServerStart.scala:121) ~[play-server_2.11-2.4.8.jar:2.4.8]
	at play.core.server.DevServerStart$$anonfun$mainDev$1$$anon$1$$anonfun$get$1$$anonfun$apply$1.apply(DevServerStart.scala:119) ~[play-server_2.11-2.4.8.jar:2.4.8]
	at scala.util.Success.flatMap(Try.scala:230) ~[scala-library-2.11.6.jar:na]
	at play.core.server.DevServerStart$$anonfun$mainDev$1$$anon$1$$anonfun$get$1.apply(DevServerStart.scala:119) ~[play-server_2.11-2.4.8.jar:2.4.8]
	at play.core.server.DevServerStart$$anonfun$mainDev$1$$anon$1$$anonfun$get$1.apply(DevServerStart.scala:111) ~[play-server_2.11-2.4.8.jar:2.4.8]
	at scala.concurrent.impl.Future$PromiseCompletingRunnable.liftedTree1$1(Future.scala:24) ~[scala-library-2.11.6.jar:na]
	at scala.concurrent.impl.Future$PromiseCompletingRunnable.run(Future.scala:24) ~[scala-library-2.11.6.jar:na]
	at java.util.concurrent.ForkJoinTask$RunnableExecuteAction.exec(ForkJoinTask.java:1402) ~[na:1.8.0_71]
	at java.util.concurrent.ForkJoinTask.doExec(ForkJoinTask.java:289) ~[na:1.8.0_71]
	at java.util.concurrent.ForkJoinPool$WorkQueue.runTask(ForkJoinPool.java:1056) ~[na:1.8.0_71]
	at java.util.concurrent.ForkJoinPool.runWorker(ForkJoinPool.java:1692) ~[na:1.8.0_71]
	at java.util.concurrent.ForkJoinWorkerThread.run(ForkJoinWorkerThread.java:157) ~[na:1.8.0_71]
Caused by: com.typesafe.config.ConfigException$IO: application: application.conf: java.io.IOException: resource not found on classpath: application.conf, application.json: java.io.IOException: resource not found on classpath: application.json, application.properties: java.io.IOException: resource not found on classpath: application.properties
	at com.typesafe.config.impl.SimpleIncluder.fromBasename(SimpleIncluder.java:236) ~[config-1.3.0.jar:na]
	at com.typesafe.config.impl.ConfigImpl.parseResourcesAnySyntax(ConfigImpl.java:132) ~[config-1.3.0.jar:na]
	at com.typesafe.config.ConfigFactory.parseResourcesAnySyntax(ConfigFactory.java:1024) ~[config-1.3.0.jar:na]
	at com.typesafe.config.ConfigFactory.parseApplicationConfig(ConfigFactory.java:238) ~[config-1.3.0.jar:na]
	at com.typesafe.config.ConfigFactory.defaultApplication(ConfigFactory.java:519) ~[config-1.3.0.jar:na]
	at play.api.Configuration$$anonfun$3.apply(Configuration.scala:75) ~[play_2.11-2.4.8.jar:2.4.8]
	at play.api.Configuration$$anonfun$3.apply(Configuration.scala:71) ~[play_2.11-2.4.8.jar:2.4.8]
	at scala.Option.getOrElse(Option.scala:121) ~[scala-library-2.11.6.jar:na]
	at play.api.Configuration$.load(Configuration.scala:71) ~[play_2.11-2.4.8.jar:2.4.8]
	... 20 common frames omitted
Caused by: com.typesafe.config.ConfigException$IO: application.conf: java.io.IOException: resource not found on classpath: application.conf
	at com.typesafe.config.impl.Parseable.parseValue(Parseable.java:188) ~[config-1.3.0.jar:na]
	at com.typesafe.config.impl.Parseable.parseValue(Parseable.java:174) ~[config-1.3.0.jar:na]
	at com.typesafe.config.impl.Parseable.parse(Parseable.java:152) ~[config-1.3.0.jar:na]
	at com.typesafe.config.impl.SimpleIncluder.fromBasename(SimpleIncluder.java:185) ~[config-1.3.0.jar:na]
	... 28 common frames omitted
Caused by: java.io.IOException: resource not found on classpath: application.conf
	at com.typesafe.config.impl.Parseable$ParseableResources.rawParseValue(Parseable.java:735) ~[config-1.3.0.jar:na]
	at com.typesafe.config.impl.Parseable$ParseableResources.rawParseValue(Parseable.java:710) ~[config-1.3.0.jar:na]
	at com.typesafe.config.impl.Parseable.parseValue(Parseable.java:180) ~[config-1.3.0.jar:na]
	... 31 common frames omitted
2016-07-16 05:41:45,029 [ERROR] from application in New I/O worker #2 - 

! @70m4o0ind - Internal server error, for (GET) [/apple-touch-icon.png] ->
 
play.api.Configuration$$anon$1: Configuration error[application: application.conf: java.io.IOException: resource not found on classpath: application.conf, application.json: java.io.IOException: resource not found on classpath: application.json, application.properties: java.io.IOException: resource not found on classpath: application.properties]
	at play.api.Configuration$.configError(Configuration.scala:178) ~[play_2.11-2.4.8.jar:2.4.8]
	at play.api.Configuration$.load(Configuration.scala:103) ~[play_2.11-2.4.8.jar:2.4.8]
	at play.api.Configuration$.load(Configuration.scala:133) ~[play_2.11-2.4.8.jar:2.4.8]
	at play.api.ApplicationLoader$.createContext(ApplicationLoader.scala:91) ~[play_2.11-2.4.8.jar:2.4.8]
	at play.core.server.DevServerStart$$anonfun$mainDev$1$$anon$1$$anonfun$get$1$$anonfun$apply$1$$anonfun$1$$anonfun$2.apply(DevServerStart.scala:151) ~[play-server_2.11-2.4.8.jar:2.4.8]
	at play.core.server.DevServerStart$$anonfun$mainDev$1$$anon$1$$anonfun$get$1$$anonfun$apply$1$$anonfun$1$$anonfun$2.apply(DevServerStart.scala:150) ~[play-server_2.11-2.4.8.jar:2.4.8]
	at play.utils.Threads$.withContextClassLoader(Threads.scala:21) ~[play_2.11-2.4.8.jar:2.4.8]
	at play.core.server.DevServerStart$$anonfun$mainDev$1$$anon$1$$anonfun$get$1$$anonfun$apply$1$$anonfun$1.apply(DevServerStart.scala:150) ~[play-server_2.11-2.4.8.jar:2.4.8]
	at play.core.server.DevServerStart$$anonfun$mainDev$1$$anon$1$$anonfun$get$1$$anonfun$apply$1$$anonfun$1.apply(DevServerStart.scala:121) ~[play-server_2.11-2.4.8.jar:2.4.8]
	at scala.Option.map(Option.scala:146) ~[scala-library-2.11.6.jar:na]
	at play.core.server.DevServerStart$$anonfun$mainDev$1$$anon$1$$anonfun$get$1$$anonfun$apply$1.apply(DevServerStart.scala:121) ~[play-server_2.11-2.4.8.jar:2.4.8]
	at play.core.server.DevServerStart$$anonfun$mainDev$1$$anon$1$$anonfun$get$1$$anonfun$apply$1.apply(DevServerStart.scala:119) ~[play-server_2.11-2.4.8.jar:2.4.8]
	at scala.util.Success.flatMap(Try.scala:230) ~[scala-library-2.11.6.jar:na]
	at play.core.server.DevServerStart$$anonfun$mainDev$1$$anon$1$$anonfun$get$1.apply(DevServerStart.scala:119) ~[play-server_2.11-2.4.8.jar:2.4.8]
	at play.core.server.DevServerStart$$anonfun$mainDev$1$$anon$1$$anonfun$get$1.apply(DevServerStart.scala:111) ~[play-server_2.11-2.4.8.jar:2.4.8]
	at scala.concurrent.impl.Future$PromiseCompletingRunnable.liftedTree1$1(Future.scala:24) ~[scala-library-2.11.6.jar:na]
	at scala.concurrent.impl.Future$PromiseCompletingRunnable.run(Future.scala:24) ~[scala-library-2.11.6.jar:na]
	at java.util.concurrent.ForkJoinTask$RunnableExecuteAction.exec(ForkJoinTask.java:1402) ~[na:1.8.0_71]
	at java.util.concurrent.ForkJoinTask.doExec(ForkJoinTask.java:289) ~[na:1.8.0_71]
	at java.util.concurrent.ForkJoinPool$WorkQueue.runTask(ForkJoinPool.java:1056) ~[na:1.8.0_71]
	at java.util.concurrent.ForkJoinPool.runWorker(ForkJoinPool.java:1692) ~[na:1.8.0_71]
	at java.util.concurrent.ForkJoinWorkerThread.run(ForkJoinWorkerThread.java:157) ~[na:1.8.0_71]
Caused by: com.typesafe.config.ConfigException$IO: application: application.conf: java.io.IOException: resource not found on classpath: application.conf, application.json: java.io.IOException: resource not found on classpath: application.json, application.properties: java.io.IOException: resource not found on classpath: application.properties
	at com.typesafe.config.impl.SimpleIncluder.fromBasename(SimpleIncluder.java:236) ~[config-1.3.0.jar:na]
	at com.typesafe.config.impl.ConfigImpl.parseResourcesAnySyntax(ConfigImpl.java:132) ~[config-1.3.0.jar:na]
	at com.typesafe.config.ConfigFactory.parseResourcesAnySyntax(ConfigFactory.java:1024) ~[config-1.3.0.jar:na]
	at com.typesafe.config.ConfigFactory.parseApplicationConfig(ConfigFactory.java:238) ~[config-1.3.0.jar:na]
	at com.typesafe.config.ConfigFactory.defaultApplication(ConfigFactory.java:519) ~[config-1.3.0.jar:na]
	at play.api.Configuration$$anonfun$3.apply(Configuration.scala:75) ~[play_2.11-2.4.8.jar:2.4.8]
	at play.api.Configuration$$anonfun$3.apply(Configuration.scala:71) ~[play_2.11-2.4.8.jar:2.4.8]
	at scala.Option.getOrElse(Option.scala:121) ~[scala-library-2.11.6.jar:na]
	at play.api.Configuration$.load(Configuration.scala:71) ~[play_2.11-2.4.8.jar:2.4.8]
	... 20 common frames omitted
Caused by: com.typesafe.config.ConfigException$IO: application.conf: java.io.IOException: resource not found on classpath: application.conf
	at com.typesafe.config.impl.Parseable.parseValue(Parseable.java:188) ~[config-1.3.0.jar:na]
	at com.typesafe.config.impl.Parseable.parseValue(Parseable.java:174) ~[config-1.3.0.jar:na]
	at com.typesafe.config.impl.Parseable.parse(Parseable.java:152) ~[config-1.3.0.jar:na]
	at com.typesafe.config.impl.SimpleIncluder.fromBasename(SimpleIncluder.java:185) ~[config-1.3.0.jar:na]
	... 28 common frames omitted
Caused by: java.io.IOException: resource not found on classpath: application.conf
	at com.typesafe.config.impl.Parseable$ParseableResources.rawParseValue(Parseable.java:735) ~[config-1.3.0.jar:na]
	at com.typesafe.config.impl.Parseable$ParseableResources.rawParseValue(Parseable.java:710) ~[config-1.3.0.jar:na]
	at com.typesafe.config.impl.Parseable.parseValue(Parseable.java:180) ~[config-1.3.0.jar:na]
	... 31 common frames omitted
2016-07-16 05:41:45,041 [ERROR] from application in New I/O worker #1 - 

! @70m4o0ind - Internal server error, for (GET) [/] ->
 
play.api.Configuration$$anon$1: Configuration error[application: application.conf: java.io.IOException: resource not found on classpath: application.conf, application.json: java.io.IOException: resource not found on classpath: application.json, application.properties: java.io.IOException: resource not found on classpath: application.properties]
	at play.api.Configuration$.configError(Configuration.scala:178) ~[play_2.11-2.4.8.jar:2.4.8]
	at play.api.Configuration$.load(Configuration.scala:103) ~[play_2.11-2.4.8.jar:2.4.8]
	at play.api.Configuration$.load(Configuration.scala:133) ~[play_2.11-2.4.8.jar:2.4.8]
	at play.api.ApplicationLoader$.createContext(ApplicationLoader.scala:91) ~[play_2.11-2.4.8.jar:2.4.8]
	at play.core.server.DevServerStart$$anonfun$mainDev$1$$anon$1$$anonfun$get$1$$anonfun$apply$1$$anonfun$1$$anonfun$2.apply(DevServerStart.scala:151) ~[play-server_2.11-2.4.8.jar:2.4.8]
	at play.core.server.DevServerStart$$anonfun$mainDev$1$$anon$1$$anonfun$get$1$$anonfun$apply$1$$anonfun$1$$anonfun$2.apply(DevServerStart.scala:150) ~[play-server_2.11-2.4.8.jar:2.4.8]
	at play.utils.Threads$.withContextClassLoader(Threads.scala:21) ~[play_2.11-2.4.8.jar:2.4.8]
	at play.core.server.DevServerStart$$anonfun$mainDev$1$$anon$1$$anonfun$get$1$$anonfun$apply$1$$anonfun$1.apply(DevServerStart.scala:150) ~[play-server_2.11-2.4.8.jar:2.4.8]
	at play.core.server.DevServerStart$$anonfun$mainDev$1$$anon$1$$anonfun$get$1$$anonfun$apply$1$$anonfun$1.apply(DevServerStart.scala:121) ~[play-server_2.11-2.4.8.jar:2.4.8]
	at scala.Option.map(Option.scala:146) ~[scala-library-2.11.6.jar:na]
	at play.core.server.DevServerStart$$anonfun$mainDev$1$$anon$1$$anonfun$get$1$$anonfun$apply$1.apply(DevServerStart.scala:121) ~[play-server_2.11-2.4.8.jar:2.4.8]
	at play.core.server.DevServerStart$$anonfun$mainDev$1$$anon$1$$anonfun$get$1$$anonfun$apply$1.apply(DevServerStart.scala:119) ~[play-server_2.11-2.4.8.jar:2.4.8]
	at scala.util.Success.flatMap(Try.scala:230) ~[scala-library-2.11.6.jar:na]
	at play.core.server.DevServerStart$$anonfun$mainDev$1$$anon$1$$anonfun$get$1.apply(DevServerStart.scala:119) ~[play-server_2.11-2.4.8.jar:2.4.8]
	at play.core.server.DevServerStart$$anonfun$mainDev$1$$anon$1$$anonfun$get$1.apply(DevServerStart.scala:111) ~[play-server_2.11-2.4.8.jar:2.4.8]
	at scala.concurrent.impl.Future$PromiseCompletingRunnable.liftedTree1$1(Future.scala:24) ~[scala-library-2.11.6.jar:na]
	at scala.concurrent.impl.Future$PromiseCompletingRunnable.run(Future.scala:24) ~[scala-library-2.11.6.jar:na]
	at java.util.concurrent.ForkJoinTask$RunnableExecuteAction.exec(ForkJoinTask.java:1402) ~[na:1.8.0_71]
	at java.util.concurrent.ForkJoinTask.doExec(ForkJoinTask.java:289) ~[na:1.8.0_71]
	at java.util.concurrent.ForkJoinPool$WorkQueue.runTask(ForkJoinPool.java:1056) ~[na:1.8.0_71]
	at java.util.concurrent.ForkJoinPool.runWorker(ForkJoinPool.java:1692) ~[na:1.8.0_71]
	at java.util.concurrent.ForkJoinWorkerThread.run(ForkJoinWorkerThread.java:157) ~[na:1.8.0_71]
Caused by: com.typesafe.config.ConfigException$IO: application: application.conf: java.io.IOException: resource not found on classpath: application.conf, application.json: java.io.IOException: resource not found on classpath: application.json, application.properties: java.io.IOException: resource not found on classpath: application.properties
	at com.typesafe.config.impl.SimpleIncluder.fromBasename(SimpleIncluder.java:236) ~[config-1.3.0.jar:na]
	at com.typesafe.config.impl.ConfigImpl.parseResourcesAnySyntax(ConfigImpl.java:132) ~[config-1.3.0.jar:na]
	at com.typesafe.config.ConfigFactory.parseResourcesAnySyntax(ConfigFactory.java:1024) ~[config-1.3.0.jar:na]
	at com.typesafe.config.ConfigFactory.parseApplicationConfig(ConfigFactory.java:238) ~[config-1.3.0.jar:na]
	at com.typesafe.config.ConfigFactory.defaultApplication(ConfigFactory.java:519) ~[config-1.3.0.jar:na]
	at play.api.Configuration$$anonfun$3.apply(Configuration.scala:75) ~[play_2.11-2.4.8.jar:2.4.8]
	at play.api.Configuration$$anonfun$3.apply(Configuration.scala:71) ~[play_2.11-2.4.8.jar:2.4.8]
	at scala.Option.getOrElse(Option.scala:121) ~[scala-library-2.11.6.jar:na]
	at play.api.Configuration$.load(Configuration.scala:71) ~[play_2.11-2.4.8.jar:2.4.8]
	... 20 common frames omitted
Caused by: com.typesafe.config.ConfigException$IO: application.conf: java.io.IOException: resource not found on classpath: application.conf
	at com.typesafe.config.impl.Parseable.parseValue(Parseable.java:188) ~[config-1.3.0.jar:na]
	at com.typesafe.config.impl.Parseable.parseValue(Parseable.java:174) ~[config-1.3.0.jar:na]
	at com.typesafe.config.impl.Parseable.parse(Parseable.java:152) ~[config-1.3.0.jar:na]
	at com.typesafe.config.impl.SimpleIncluder.fromBasename(SimpleIncluder.java:185) ~[config-1.3.0.jar:na]
	... 28 common frames omitted
Caused by: java.io.IOException: resource not found on classpath: application.conf
	at com.typesafe.config.impl.Parseable$ParseableResources.rawParseValue(Parseable.java:735) ~[config-1.3.0.jar:na]
	at com.typesafe.config.impl.Parseable$ParseableResources.rawParseValue(Parseable.java:710) ~[config-1.3.0.jar:na]
	at com.typesafe.config.impl.Parseable.parseValue(Parseable.java:180) ~[config-1.3.0.jar:na]
	... 31 common frames omitted
2016-07-16 05:41:45,056 [ERROR] from application in New I/O worker #2 - 

! @70m4o0ind - Internal server error, for (GET) [/apple-touch-icon-precomposed.png] ->
 
play.api.Configuration$$anon$1: Configuration error[application: application.conf: java.io.IOException: resource not found on classpath: application.conf, application.json: java.io.IOException: resource not found on classpath: application.json, application.properties: java.io.IOException: resource not found on classpath: application.properties]
	at play.api.Configuration$.configError(Configuration.scala:178) ~[play_2.11-2.4.8.jar:2.4.8]
	at play.api.Configuration$.load(Configuration.scala:103) ~[play_2.11-2.4.8.jar:2.4.8]
	at play.api.Configuration$.load(Configuration.scala:133) ~[play_2.11-2.4.8.jar:2.4.8]
	at play.api.ApplicationLoader$.createContext(ApplicationLoader.scala:91) ~[play_2.11-2.4.8.jar:2.4.8]
	at play.core.server.DevServerStart$$anonfun$mainDev$1$$anon$1$$anonfun$get$1$$anonfun$apply$1$$anonfun$1$$anonfun$2.apply(DevServerStart.scala:151) ~[play-server_2.11-2.4.8.jar:2.4.8]
	at play.core.server.DevServerStart$$anonfun$mainDev$1$$anon$1$$anonfun$get$1$$anonfun$apply$1$$anonfun$1$$anonfun$2.apply(DevServerStart.scala:150) ~[play-server_2.11-2.4.8.jar:2.4.8]
	at play.utils.Threads$.withContextClassLoader(Threads.scala:21) ~[play_2.11-2.4.8.jar:2.4.8]
	at play.core.server.DevServerStart$$anonfun$mainDev$1$$anon$1$$anonfun$get$1$$anonfun$apply$1$$anonfun$1.apply(DevServerStart.scala:150) ~[play-server_2.11-2.4.8.jar:2.4.8]
	at play.core.server.DevServerStart$$anonfun$mainDev$1$$anon$1$$anonfun$get$1$$anonfun$apply$1$$anonfun$1.apply(DevServerStart.scala:121) ~[play-server_2.11-2.4.8.jar:2.4.8]
	at scala.Option.map(Option.scala:146) ~[scala-library-2.11.6.jar:na]
	at play.core.server.DevServerStart$$anonfun$mainDev$1$$anon$1$$anonfun$get$1$$anonfun$apply$1.apply(DevServerStart.scala:121) ~[play-server_2.11-2.4.8.jar:2.4.8]
	at play.core.server.DevServerStart$$anonfun$mainDev$1$$anon$1$$anonfun$get$1$$anonfun$apply$1.apply(DevServerStart.scala:119) ~[play-server_2.11-2.4.8.jar:2.4.8]
	at scala.util.Success.flatMap(Try.scala:230) ~[scala-library-2.11.6.jar:na]
	at play.core.server.DevServerStart$$anonfun$mainDev$1$$anon$1$$anonfun$get$1.apply(DevServerStart.scala:119) ~[play-server_2.11-2.4.8.jar:2.4.8]
	at play.core.server.DevServerStart$$anonfun$mainDev$1$$anon$1$$anonfun$get$1.apply(DevServerStart.scala:111) ~[play-server_2.11-2.4.8.jar:2.4.8]
	at scala.concurrent.impl.Future$PromiseCompletingRunnable.liftedTree1$1(Future.scala:24) ~[scala-library-2.11.6.jar:na]
	at scala.concurrent.impl.Future$PromiseCompletingRunnable.run(Future.scala:24) ~[scala-library-2.11.6.jar:na]
	at java.util.concurrent.ForkJoinTask$RunnableExecuteAction.exec(ForkJoinTask.java:1402) ~[na:1.8.0_71]
	at java.util.concurrent.ForkJoinTask.doExec(ForkJoinTask.java:289) ~[na:1.8.0_71]
	at java.util.concurrent.ForkJoinPool$WorkQueue.runTask(ForkJoinPool.java:1056) ~[na:1.8.0_71]
	at java.util.concurrent.ForkJoinPool.runWorker(ForkJoinPool.java:1692) ~[na:1.8.0_71]
	at java.util.concurrent.ForkJoinWorkerThread.run(ForkJoinWorkerThread.java:157) ~[na:1.8.0_71]
Caused by: com.typesafe.config.ConfigException$IO: application: application.conf: java.io.IOException: resource not found on classpath: application.conf, application.json: java.io.IOException: resource not found on classpath: application.json, application.properties: java.io.IOException: resource not found on classpath: application.properties
	at com.typesafe.config.impl.SimpleIncluder.fromBasename(SimpleIncluder.java:236) ~[config-1.3.0.jar:na]
	at com.typesafe.config.impl.ConfigImpl.parseResourcesAnySyntax(ConfigImpl.java:132) ~[config-1.3.0.jar:na]
	at com.typesafe.config.ConfigFactory.parseResourcesAnySyntax(ConfigFactory.java:1024) ~[config-1.3.0.jar:na]
	at com.typesafe.config.ConfigFactory.parseApplicationConfig(ConfigFactory.java:238) ~[config-1.3.0.jar:na]
	at com.typesafe.config.ConfigFactory.defaultApplication(ConfigFactory.java:519) ~[config-1.3.0.jar:na]
	at play.api.Configuration$$anonfun$3.apply(Configuration.scala:75) ~[play_2.11-2.4.8.jar:2.4.8]
	at play.api.Configuration$$anonfun$3.apply(Configuration.scala:71) ~[play_2.11-2.4.8.jar:2.4.8]
	at scala.Option.getOrElse(Option.scala:121) ~[scala-library-2.11.6.jar:na]
	at play.api.Configuration$.load(Configuration.scala:71) ~[play_2.11-2.4.8.jar:2.4.8]
	... 20 common frames omitted
Caused by: com.typesafe.config.ConfigException$IO: application.conf: java.io.IOException: resource not found on classpath: application.conf
	at com.typesafe.config.impl.Parseable.parseValue(Parseable.java:188) ~[config-1.3.0.jar:na]
	at com.typesafe.config.impl.Parseable.parseValue(Parseable.java:174) ~[config-1.3.0.jar:na]
	at com.typesafe.config.impl.Parseable.parse(Parseable.java:152) ~[config-1.3.0.jar:na]
	at com.typesafe.config.impl.SimpleIncluder.fromBasename(SimpleIncluder.java:185) ~[config-1.3.0.jar:na]
	... 28 common frames omitted
Caused by: java.io.IOException: resource not found on classpath: application.conf
	at com.typesafe.config.impl.Parseable$ParseableResources.rawParseValue(Parseable.java:735) ~[config-1.3.0.jar:na]
	at com.typesafe.config.impl.Parseable$ParseableResources.rawParseValue(Parseable.java:710) ~[config-1.3.0.jar:na]
	at com.typesafe.config.impl.Parseable.parseValue(Parseable.java:180) ~[config-1.3.0.jar:na]
	... 31 common frames omitted
2016-07-16 05:41:45,063 [ERROR] from application in New I/O worker #2 - 

! @70m4o0ind - Internal server error, for (GET) [/apple-touch-icon.png] ->
 
play.api.Configuration$$anon$1: Configuration error[application: application.conf: java.io.IOException: resource not found on classpath: application.conf, application.json: java.io.IOException: resource not found on classpath: application.json, application.properties: java.io.IOException: resource not found on classpath: application.properties]
	at play.api.Configuration$.configError(Configuration.scala:178) ~[play_2.11-2.4.8.jar:2.4.8]
	at play.api.Configuration$.load(Configuration.scala:103) ~[play_2.11-2.4.8.jar:2.4.8]
	at play.api.Configuration$.load(Configuration.scala:133) ~[play_2.11-2.4.8.jar:2.4.8]
	at play.api.ApplicationLoader$.createContext(ApplicationLoader.scala:91) ~[play_2.11-2.4.8.jar:2.4.8]
	at play.core.server.DevServerStart$$anonfun$mainDev$1$$anon$1$$anonfun$get$1$$anonfun$apply$1$$anonfun$1$$anonfun$2.apply(DevServerStart.scala:151) ~[play-server_2.11-2.4.8.jar:2.4.8]
	at play.core.server.DevServerStart$$anonfun$mainDev$1$$anon$1$$anonfun$get$1$$anonfun$apply$1$$anonfun$1$$anonfun$2.apply(DevServerStart.scala:150) ~[play-server_2.11-2.4.8.jar:2.4.8]
	at play.utils.Threads$.withContextClassLoader(Threads.scala:21) ~[play_2.11-2.4.8.jar:2.4.8]
	at play.core.server.DevServerStart$$anonfun$mainDev$1$$anon$1$$anonfun$get$1$$anonfun$apply$1$$anonfun$1.apply(DevServerStart.scala:150) ~[play-server_2.11-2.4.8.jar:2.4.8]
	at play.core.server.DevServerStart$$anonfun$mainDev$1$$anon$1$$anonfun$get$1$$anonfun$apply$1$$anonfun$1.apply(DevServerStart.scala:121) ~[play-server_2.11-2.4.8.jar:2.4.8]
	at scala.Option.map(Option.scala:146) ~[scala-library-2.11.6.jar:na]
	at play.core.server.DevServerStart$$anonfun$mainDev$1$$anon$1$$anonfun$get$1$$anonfun$apply$1.apply(DevServerStart.scala:121) ~[play-server_2.11-2.4.8.jar:2.4.8]
	at play.core.server.DevServerStart$$anonfun$mainDev$1$$anon$1$$anonfun$get$1$$anonfun$apply$1.apply(DevServerStart.scala:119) ~[play-server_2.11-2.4.8.jar:2.4.8]
	at scala.util.Success.flatMap(Try.scala:230) ~[scala-library-2.11.6.jar:na]
	at play.core.server.DevServerStart$$anonfun$mainDev$1$$anon$1$$anonfun$get$1.apply(DevServerStart.scala:119) ~[play-server_2.11-2.4.8.jar:2.4.8]
	at play.core.server.DevServerStart$$anonfun$mainDev$1$$anon$1$$anonfun$get$1.apply(DevServerStart.scala:111) ~[play-server_2.11-2.4.8.jar:2.4.8]
	at scala.concurrent.impl.Future$PromiseCompletingRunnable.liftedTree1$1(Future.scala:24) ~[scala-library-2.11.6.jar:na]
	at scala.concurrent.impl.Future$PromiseCompletingRunnable.run(Future.scala:24) ~[scala-library-2.11.6.jar:na]
	at java.util.concurrent.ForkJoinTask$RunnableExecuteAction.exec(ForkJoinTask.java:1402) ~[na:1.8.0_71]
	at java.util.concurrent.ForkJoinTask.doExec(ForkJoinTask.java:289) ~[na:1.8.0_71]
	at java.util.concurrent.ForkJoinPool$WorkQueue.runTask(ForkJoinPool.java:1056) ~[na:1.8.0_71]
	at java.util.concurrent.ForkJoinPool.runWorker(ForkJoinPool.java:1692) ~[na:1.8.0_71]
	at java.util.concurrent.ForkJoinWorkerThread.run(ForkJoinWorkerThread.java:157) ~[na:1.8.0_71]
Caused by: com.typesafe.config.ConfigException$IO: application: application.conf: java.io.IOException: resource not found on classpath: application.conf, application.json: java.io.IOException: resource not found on classpath: application.json, application.properties: java.io.IOException: resource not found on classpath: application.properties
	at com.typesafe.config.impl.SimpleIncluder.fromBasename(SimpleIncluder.java:236) ~[config-1.3.0.jar:na]
	at com.typesafe.config.impl.ConfigImpl.parseResourcesAnySyntax(ConfigImpl.java:132) ~[config-1.3.0.jar:na]
	at com.typesafe.config.ConfigFactory.parseResourcesAnySyntax(ConfigFactory.java:1024) ~[config-1.3.0.jar:na]
	at com.typesafe.config.ConfigFactory.parseApplicationConfig(ConfigFactory.java:238) ~[config-1.3.0.jar:na]
	at com.typesafe.config.ConfigFactory.defaultApplication(ConfigFactory.java:519) ~[config-1.3.0.jar:na]
	at play.api.Configuration$$anonfun$3.apply(Configuration.scala:75) ~[play_2.11-2.4.8.jar:2.4.8]
	at play.api.Configuration$$anonfun$3.apply(Configuration.scala:71) ~[play_2.11-2.4.8.jar:2.4.8]
	at scala.Option.getOrElse(Option.scala:121) ~[scala-library-2.11.6.jar:na]
	at play.api.Configuration$.load(Configuration.scala:71) ~[play_2.11-2.4.8.jar:2.4.8]
	... 20 common frames omitted
Caused by: com.typesafe.config.ConfigException$IO: application.conf: java.io.IOException: resource not found on classpath: application.conf
	at com.typesafe.config.impl.Parseable.parseValue(Parseable.java:188) ~[config-1.3.0.jar:na]
	at com.typesafe.config.impl.Parseable.parseValue(Parseable.java:174) ~[config-1.3.0.jar:na]
	at com.typesafe.config.impl.Parseable.parse(Parseable.java:152) ~[config-1.3.0.jar:na]
	at com.typesafe.config.impl.SimpleIncluder.fromBasename(SimpleIncluder.java:185) ~[config-1.3.0.jar:na]
	... 28 common frames omitted
Caused by: java.io.IOException: resource not found on classpath: application.conf
	at com.typesafe.config.impl.Parseable$ParseableResources.rawParseValue(Parseable.java:735) ~[config-1.3.0.jar:na]
	at com.typesafe.config.impl.Parseable$ParseableResources.rawParseValue(Parseable.java:710) ~[config-1.3.0.jar:na]
	at com.typesafe.config.impl.Parseable.parseValue(Parseable.java:180) ~[config-1.3.0.jar:na]
	... 31 common frames omitted
2016-07-16 05:41:45,715 [ERROR] from application in New I/O worker #4 - 

! @70m4o0ind - Internal server error, for (GET) [/] ->
 
play.api.Configuration$$anon$1: Configuration error[application: application.conf: java.io.IOException: resource not found on classpath: application.conf, application.json: java.io.IOException: resource not found on classpath: application.json, application.properties: java.io.IOException: resource not found on classpath: application.properties]
	at play.api.Configuration$.configError(Configuration.scala:178) ~[play_2.11-2.4.8.jar:2.4.8]
	at play.api.Configuration$.load(Configuration.scala:103) ~[play_2.11-2.4.8.jar:2.4.8]
	at play.api.Configuration$.load(Configuration.scala:133) ~[play_2.11-2.4.8.jar:2.4.8]
	at play.api.ApplicationLoader$.createContext(ApplicationLoader.scala:91) ~[play_2.11-2.4.8.jar:2.4.8]
	at play.core.server.DevServerStart$$anonfun$mainDev$1$$anon$1$$anonfun$get$1$$anonfun$apply$1$$anonfun$1$$anonfun$2.apply(DevServerStart.scala:151) ~[play-server_2.11-2.4.8.jar:2.4.8]
	at play.core.server.DevServerStart$$anonfun$mainDev$1$$anon$1$$anonfun$get$1$$anonfun$apply$1$$anonfun$1$$anonfun$2.apply(DevServerStart.scala:150) ~[play-server_2.11-2.4.8.jar:2.4.8]
	at play.utils.Threads$.withContextClassLoader(Threads.scala:21) ~[play_2.11-2.4.8.jar:2.4.8]
	at play.core.server.DevServerStart$$anonfun$mainDev$1$$anon$1$$anonfun$get$1$$anonfun$apply$1$$anonfun$1.apply(DevServerStart.scala:150) ~[play-server_2.11-2.4.8.jar:2.4.8]
	at play.core.server.DevServerStart$$anonfun$mainDev$1$$anon$1$$anonfun$get$1$$anonfun$apply$1$$anonfun$1.apply(DevServerStart.scala:121) ~[play-server_2.11-2.4.8.jar:2.4.8]
	at scala.Option.map(Option.scala:146) ~[scala-library-2.11.6.jar:na]
	at play.core.server.DevServerStart$$anonfun$mainDev$1$$anon$1$$anonfun$get$1$$anonfun$apply$1.apply(DevServerStart.scala:121) ~[play-server_2.11-2.4.8.jar:2.4.8]
	at play.core.server.DevServerStart$$anonfun$mainDev$1$$anon$1$$anonfun$get$1$$anonfun$apply$1.apply(DevServerStart.scala:119) ~[play-server_2.11-2.4.8.jar:2.4.8]
	at scala.util.Success.flatMap(Try.scala:230) ~[scala-library-2.11.6.jar:na]
	at play.core.server.DevServerStart$$anonfun$mainDev$1$$anon$1$$anonfun$get$1.apply(DevServerStart.scala:119) ~[play-server_2.11-2.4.8.jar:2.4.8]
	at play.core.server.DevServerStart$$anonfun$mainDev$1$$anon$1$$anonfun$get$1.apply(DevServerStart.scala:111) ~[play-server_2.11-2.4.8.jar:2.4.8]
	at scala.concurrent.impl.Future$PromiseCompletingRunnable.liftedTree1$1(Future.scala:24) ~[scala-library-2.11.6.jar:na]
	at scala.concurrent.impl.Future$PromiseCompletingRunnable.run(Future.scala:24) ~[scala-library-2.11.6.jar:na]
	at java.util.concurrent.ForkJoinTask$RunnableExecuteAction.exec(ForkJoinTask.java:1402) ~[na:1.8.0_71]
	at java.util.concurrent.ForkJoinTask.doExec(ForkJoinTask.java:289) ~[na:1.8.0_71]
	at java.util.concurrent.ForkJoinPool$WorkQueue.runTask(ForkJoinPool.java:1056) ~[na:1.8.0_71]
	at java.util.concurrent.ForkJoinPool.runWorker(ForkJoinPool.java:1692) ~[na:1.8.0_71]
	at java.util.concurrent.ForkJoinWorkerThread.run(ForkJoinWorkerThread.java:157) ~[na:1.8.0_71]
Caused by: com.typesafe.config.ConfigException$IO: application: application.conf: java.io.IOException: resource not found on classpath: application.conf, application.json: java.io.IOException: resource not found on classpath: application.json, application.properties: java.io.IOException: resource not found on classpath: application.properties
	at com.typesafe.config.impl.SimpleIncluder.fromBasename(SimpleIncluder.java:236) ~[config-1.3.0.jar:na]
	at com.typesafe.config.impl.ConfigImpl.parseResourcesAnySyntax(ConfigImpl.java:132) ~[config-1.3.0.jar:na]
	at com.typesafe.config.ConfigFactory.parseResourcesAnySyntax(ConfigFactory.java:1024) ~[config-1.3.0.jar:na]
	at com.typesafe.config.ConfigFactory.parseApplicationConfig(ConfigFactory.java:238) ~[config-1.3.0.jar:na]
	at com.typesafe.config.ConfigFactory.defaultApplication(ConfigFactory.java:519) ~[config-1.3.0.jar:na]
	at play.api.Configuration$$anonfun$3.apply(Configuration.scala:75) ~[play_2.11-2.4.8.jar:2.4.8]
	at play.api.Configuration$$anonfun$3.apply(Configuration.scala:71) ~[play_2.11-2.4.8.jar:2.4.8]
	at scala.Option.getOrElse(Option.scala:121) ~[scala-library-2.11.6.jar:na]
	at play.api.Configuration$.load(Configuration.scala:71) ~[play_2.11-2.4.8.jar:2.4.8]
	... 20 common frames omitted
Caused by: com.typesafe.config.ConfigException$IO: application.conf: java.io.IOException: resource not found on classpath: application.conf
	at com.typesafe.config.impl.Parseable.parseValue(Parseable.java:188) ~[config-1.3.0.jar:na]
	at com.typesafe.config.impl.Parseable.parseValue(Parseable.java:174) ~[config-1.3.0.jar:na]
	at com.typesafe.config.impl.Parseable.parse(Parseable.java:152) ~[config-1.3.0.jar:na]
	at com.typesafe.config.impl.SimpleIncluder.fromBasename(SimpleIncluder.java:185) ~[config-1.3.0.jar:na]
	... 28 common frames omitted
Caused by: java.io.IOException: resource not found on classpath: application.conf
	at com.typesafe.config.impl.Parseable$ParseableResources.rawParseValue(Parseable.java:735) ~[config-1.3.0.jar:na]
	at com.typesafe.config.impl.Parseable$ParseableResources.rawParseValue(Parseable.java:710) ~[config-1.3.0.jar:na]
	at com.typesafe.config.impl.Parseable.parseValue(Parseable.java:180) ~[config-1.3.0.jar:na]
	... 31 common frames omitted
2016-07-16 05:41:45,796 [ERROR] from application in New I/O worker #2 - 

! @70m4o0ind - Internal server error, for (GET) [/apple-touch-icon-precomposed.png] ->
 
play.api.Configuration$$anon$1: Configuration error[application: application.conf: java.io.IOException: resource not found on classpath: application.conf, application.json: java.io.IOException: resource not found on classpath: application.json, application.properties: java.io.IOException: resource not found on classpath: application.properties]
	at play.api.Configuration$.configError(Configuration.scala:178) ~[play_2.11-2.4.8.jar:2.4.8]
	at play.api.Configuration$.load(Configuration.scala:103) ~[play_2.11-2.4.8.jar:2.4.8]
	at play.api.Configuration$.load(Configuration.scala:133) ~[play_2.11-2.4.8.jar:2.4.8]
	at play.api.ApplicationLoader$.createContext(ApplicationLoader.scala:91) ~[play_2.11-2.4.8.jar:2.4.8]
	at play.core.server.DevServerStart$$anonfun$mainDev$1$$anon$1$$anonfun$get$1$$anonfun$apply$1$$anonfun$1$$anonfun$2.apply(DevServerStart.scala:151) ~[play-server_2.11-2.4.8.jar:2.4.8]
	at play.core.server.DevServerStart$$anonfun$mainDev$1$$anon$1$$anonfun$get$1$$anonfun$apply$1$$anonfun$1$$anonfun$2.apply(DevServerStart.scala:150) ~[play-server_2.11-2.4.8.jar:2.4.8]
	at play.utils.Threads$.withContextClassLoader(Threads.scala:21) ~[play_2.11-2.4.8.jar:2.4.8]
	at play.core.server.DevServerStart$$anonfun$mainDev$1$$anon$1$$anonfun$get$1$$anonfun$apply$1$$anonfun$1.apply(DevServerStart.scala:150) ~[play-server_2.11-2.4.8.jar:2.4.8]
	at play.core.server.DevServerStart$$anonfun$mainDev$1$$anon$1$$anonfun$get$1$$anonfun$apply$1$$anonfun$1.apply(DevServerStart.scala:121) ~[play-server_2.11-2.4.8.jar:2.4.8]
	at scala.Option.map(Option.scala:146) ~[scala-library-2.11.6.jar:na]
	at play.core.server.DevServerStart$$anonfun$mainDev$1$$anon$1$$anonfun$get$1$$anonfun$apply$1.apply(DevServerStart.scala:121) ~[play-server_2.11-2.4.8.jar:2.4.8]
	at play.core.server.DevServerStart$$anonfun$mainDev$1$$anon$1$$anonfun$get$1$$anonfun$apply$1.apply(DevServerStart.scala:119) ~[play-server_2.11-2.4.8.jar:2.4.8]
	at scala.util.Success.flatMap(Try.scala:230) ~[scala-library-2.11.6.jar:na]
	at play.core.server.DevServerStart$$anonfun$mainDev$1$$anon$1$$anonfun$get$1.apply(DevServerStart.scala:119) ~[play-server_2.11-2.4.8.jar:2.4.8]
	at play.core.server.DevServerStart$$anonfun$mainDev$1$$anon$1$$anonfun$get$1.apply(DevServerStart.scala:111) ~[play-server_2.11-2.4.8.jar:2.4.8]
	at scala.concurrent.impl.Future$PromiseCompletingRunnable.liftedTree1$1(Future.scala:24) ~[scala-library-2.11.6.jar:na]
	at scala.concurrent.impl.Future$PromiseCompletingRunnable.run(Future.scala:24) ~[scala-library-2.11.6.jar:na]
	at java.util.concurrent.ForkJoinTask$RunnableExecuteAction.exec(ForkJoinTask.java:1402) ~[na:1.8.0_71]
	at java.util.concurrent.ForkJoinTask.doExec(ForkJoinTask.java:289) ~[na:1.8.0_71]
	at java.util.concurrent.ForkJoinPool$WorkQueue.runTask(ForkJoinPool.java:1056) ~[na:1.8.0_71]
	at java.util.concurrent.ForkJoinPool.runWorker(ForkJoinPool.java:1692) ~[na:1.8.0_71]
	at java.util.concurrent.ForkJoinWorkerThread.run(ForkJoinWorkerThread.java:157) ~[na:1.8.0_71]
Caused by: com.typesafe.config.ConfigException$IO: application: application.conf: java.io.IOException: resource not found on classpath: application.conf, application.json: java.io.IOException: resource not found on classpath: application.json, application.properties: java.io.IOException: resource not found on classpath: application.properties
	at com.typesafe.config.impl.SimpleIncluder.fromBasename(SimpleIncluder.java:236) ~[config-1.3.0.jar:na]
	at com.typesafe.config.impl.ConfigImpl.parseResourcesAnySyntax(ConfigImpl.java:132) ~[config-1.3.0.jar:na]
	at com.typesafe.config.ConfigFactory.parseResourcesAnySyntax(ConfigFactory.java:1024) ~[config-1.3.0.jar:na]
	at com.typesafe.config.ConfigFactory.parseApplicationConfig(ConfigFactory.java:238) ~[config-1.3.0.jar:na]
	at com.typesafe.config.ConfigFactory.defaultApplication(ConfigFactory.java:519) ~[config-1.3.0.jar:na]
	at play.api.Configuration$$anonfun$3.apply(Configuration.scala:75) ~[play_2.11-2.4.8.jar:2.4.8]
	at play.api.Configuration$$anonfun$3.apply(Configuration.scala:71) ~[play_2.11-2.4.8.jar:2.4.8]
	at scala.Option.getOrElse(Option.scala:121) ~[scala-library-2.11.6.jar:na]
	at play.api.Configuration$.load(Configuration.scala:71) ~[play_2.11-2.4.8.jar:2.4.8]
	... 20 common frames omitted
Caused by: com.typesafe.config.ConfigException$IO: application.conf: java.io.IOException: resource not found on classpath: application.conf
	at com.typesafe.config.impl.Parseable.parseValue(Parseable.java:188) ~[config-1.3.0.jar:na]
	at com.typesafe.config.impl.Parseable.parseValue(Parseable.java:174) ~[config-1.3.0.jar:na]
	at com.typesafe.config.impl.Parseable.parse(Parseable.java:152) ~[config-1.3.0.jar:na]
	at com.typesafe.config.impl.SimpleIncluder.fromBasename(SimpleIncluder.java:185) ~[config-1.3.0.jar:na]
	... 28 common frames omitted
Caused by: java.io.IOException: resource not found on classpath: application.conf
	at com.typesafe.config.impl.Parseable$ParseableResources.rawParseValue(Parseable.java:735) ~[config-1.3.0.jar:na]
	at com.typesafe.config.impl.Parseable$ParseableResources.rawParseValue(Parseable.java:710) ~[config-1.3.0.jar:na]
	at com.typesafe.config.impl.Parseable.parseValue(Parseable.java:180) ~[config-1.3.0.jar:na]
	... 31 common frames omitted
2016-07-16 05:41:45,802 [ERROR] from application in New I/O worker #2 - 

! @70m4o0ind - Internal server error, for (GET) [/apple-touch-icon.png] ->
 
play.api.Configuration$$anon$1: Configuration error[application: application.conf: java.io.IOException: resource not found on classpath: application.conf, application.json: java.io.IOException: resource not found on classpath: application.json, application.properties: java.io.IOException: resource not found on classpath: application.properties]
	at play.api.Configuration$.configError(Configuration.scala:178) ~[play_2.11-2.4.8.jar:2.4.8]
	at play.api.Configuration$.load(Configuration.scala:103) ~[play_2.11-2.4.8.jar:2.4.8]
	at play.api.Configuration$.load(Configuration.scala:133) ~[play_2.11-2.4.8.jar:2.4.8]
	at play.api.ApplicationLoader$.createContext(ApplicationLoader.scala:91) ~[play_2.11-2.4.8.jar:2.4.8]
	at play.core.server.DevServerStart$$anonfun$mainDev$1$$anon$1$$anonfun$get$1$$anonfun$apply$1$$anonfun$1$$anonfun$2.apply(DevServerStart.scala:151) ~[play-server_2.11-2.4.8.jar:2.4.8]
	at play.core.server.DevServerStart$$anonfun$mainDev$1$$anon$1$$anonfun$get$1$$anonfun$apply$1$$anonfun$1$$anonfun$2.apply(DevServerStart.scala:150) ~[play-server_2.11-2.4.8.jar:2.4.8]
	at play.utils.Threads$.withContextClassLoader(Threads.scala:21) ~[play_2.11-2.4.8.jar:2.4.8]
	at play.core.server.DevServerStart$$anonfun$mainDev$1$$anon$1$$anonfun$get$1$$anonfun$apply$1$$anonfun$1.apply(DevServerStart.scala:150) ~[play-server_2.11-2.4.8.jar:2.4.8]
	at play.core.server.DevServerStart$$anonfun$mainDev$1$$anon$1$$anonfun$get$1$$anonfun$apply$1$$anonfun$1.apply(DevServerStart.scala:121) ~[play-server_2.11-2.4.8.jar:2.4.8]
	at scala.Option.map(Option.scala:146) ~[scala-library-2.11.6.jar:na]
	at play.core.server.DevServerStart$$anonfun$mainDev$1$$anon$1$$anonfun$get$1$$anonfun$apply$1.apply(DevServerStart.scala:121) ~[play-server_2.11-2.4.8.jar:2.4.8]
	at play.core.server.DevServerStart$$anonfun$mainDev$1$$anon$1$$anonfun$get$1$$anonfun$apply$1.apply(DevServerStart.scala:119) ~[play-server_2.11-2.4.8.jar:2.4.8]
	at scala.util.Success.flatMap(Try.scala:230) ~[scala-library-2.11.6.jar:na]
	at play.core.server.DevServerStart$$anonfun$mainDev$1$$anon$1$$anonfun$get$1.apply(DevServerStart.scala:119) ~[play-server_2.11-2.4.8.jar:2.4.8]
	at play.core.server.DevServerStart$$anonfun$mainDev$1$$anon$1$$anonfun$get$1.apply(DevServerStart.scala:111) ~[play-server_2.11-2.4.8.jar:2.4.8]
	at scala.concurrent.impl.Future$PromiseCompletingRunnable.liftedTree1$1(Future.scala:24) ~[scala-library-2.11.6.jar:na]
	at scala.concurrent.impl.Future$PromiseCompletingRunnable.run(Future.scala:24) ~[scala-library-2.11.6.jar:na]
	at java.util.concurrent.ForkJoinTask$RunnableExecuteAction.exec(ForkJoinTask.java:1402) ~[na:1.8.0_71]
	at java.util.concurrent.ForkJoinTask.doExec(ForkJoinTask.java:289) ~[na:1.8.0_71]
	at java.util.concurrent.ForkJoinPool$WorkQueue.runTask(ForkJoinPool.java:1056) ~[na:1.8.0_71]
	at java.util.concurrent.ForkJoinPool.runWorker(ForkJoinPool.java:1692) ~[na:1.8.0_71]
	at java.util.concurrent.ForkJoinWorkerThread.run(ForkJoinWorkerThread.java:157) ~[na:1.8.0_71]
Caused by: com.typesafe.config.ConfigException$IO: application: application.conf: java.io.IOException: resource not found on classpath: application.conf, application.json: java.io.IOException: resource not found on classpath: application.json, application.properties: java.io.IOException: resource not found on classpath: application.properties
	at com.typesafe.config.impl.SimpleIncluder.fromBasename(SimpleIncluder.java:236) ~[config-1.3.0.jar:na]
	at com.typesafe.config.impl.ConfigImpl.parseResourcesAnySyntax(ConfigImpl.java:132) ~[config-1.3.0.jar:na]
	at com.typesafe.config.ConfigFactory.parseResourcesAnySyntax(ConfigFactory.java:1024) ~[config-1.3.0.jar:na]
	at com.typesafe.config.ConfigFactory.parseApplicationConfig(ConfigFactory.java:238) ~[config-1.3.0.jar:na]
	at com.typesafe.config.ConfigFactory.defaultApplication(ConfigFactory.java:519) ~[config-1.3.0.jar:na]
	at play.api.Configuration$$anonfun$3.apply(Configuration.scala:75) ~[play_2.11-2.4.8.jar:2.4.8]
	at play.api.Configuration$$anonfun$3.apply(Configuration.scala:71) ~[play_2.11-2.4.8.jar:2.4.8]
	at scala.Option.getOrElse(Option.scala:121) ~[scala-library-2.11.6.jar:na]
	at play.api.Configuration$.load(Configuration.scala:71) ~[play_2.11-2.4.8.jar:2.4.8]
	... 20 common frames omitted
Caused by: com.typesafe.config.ConfigException$IO: application.conf: java.io.IOException: resource not found on classpath: application.conf
	at com.typesafe.config.impl.Parseable.parseValue(Parseable.java:188) ~[config-1.3.0.jar:na]
	at com.typesafe.config.impl.Parseable.parseValue(Parseable.java:174) ~[config-1.3.0.jar:na]
	at com.typesafe.config.impl.Parseable.parse(Parseable.java:152) ~[config-1.3.0.jar:na]
	at com.typesafe.config.impl.SimpleIncluder.fromBasename(SimpleIncluder.java:185) ~[config-1.3.0.jar:na]
	... 28 common frames omitted
Caused by: java.io.IOException: resource not found on classpath: application.conf
	at com.typesafe.config.impl.Parseable$ParseableResources.rawParseValue(Parseable.java:735) ~[config-1.3.0.jar:na]
	at com.typesafe.config.impl.Parseable$ParseableResources.rawParseValue(Parseable.java:710) ~[config-1.3.0.jar:na]
	at com.typesafe.config.impl.Parseable.parseValue(Parseable.java:180) ~[config-1.3.0.jar:na]
	... 31 common frames omitted
